<?xml version="1.0" encoding="UTF-8"?>
<!-- Generated by org.testng.reporters.JUnitReportReporter -->
<testsuite skipped="0" hostname="Bobs-MBP.fios-router.home" name="com.hubspot.tests.LoginPageTest" tests="1" failures="0" timestamp="03 Dec 2019 02:17:29 GMT" time="11.211" errors="0">
  <testcase name="loginTest2" time="11.211" classname="com.hubspot.tests.LoginPageTest"/>
</testsuite> <!-- com.hubspot.tests.LoginPageTest -->
