<?xml version="1.0" encoding="UTF-8"?>
<!-- Generated by org.testng.reporters.JUnitReportReporter -->
<testsuite skipped="0" hostname="Bobs-MBP.fios-router.home" name="com.hubspot.tests.ContatcsPageTest" tests="4" failures="0" timestamp="26 Nov 2019 02:40:58 GMT" time="145.683" errors="0">
  <testcase name="verifyContactsPageTitle" time="20.131" classname="com.hubspot.tests.ContatcsPageTest"/>
  <testcase name="createNewPOMContactTest" time="42.625" classname="com.hubspot.tests.ContatcsPageTest"/>
  <testcase name="createNewPOMContactTest" time="41.160" classname="com.hubspot.tests.ContatcsPageTest"/>
  <testcase name="createNewPOMContactTest" time="41.767" classname="com.hubspot.tests.ContatcsPageTest"/>
</testsuite> <!-- com.hubspot.tests.ContatcsPageTest -->
